#
# There is insufficient memory for the Java Runtime Environment to continue.
# Native memory allocation (mmap) failed to map 4161536 bytes. Error detail: G1 virtual space
# Possible reasons:
#   The system is out of physical RAM or swap space
#   This process is running with CompressedOops enabled, and the Java Heap may be blocking the growth of the native heap
# Possible solutions:
#   Reduce memory load on the system
#   Increase physical memory or swap space
#   Check if swap backing store is full
#   Decrease Java heap size (-Xmx/-Xms)
#   Decrease number of Java threads
#   Decrease Java thread stack sizes (-Xss)
#   Set larger code cache with -XX:ReservedCodeCacheSize=
#   JVM is running with Zero Based Compressed Oops mode in which the Java heap is
#     placed in the first 32GB address space. The Java Heap base address is the
#     maximum limit for the native heap growth. Please use -XX:HeapBaseMinAddress
#     to set the Java Heap base and to place the Java Heap above 32GB virtual address.
# This output file may be truncated or incomplete.
#
#  Out of Memory Error (os_windows.cpp:3825), pid=21956, tid=17284
#
# JRE version:  (17.0.11+1) (build )
# Java VM: OpenJDK 64-Bit Server VM (17.0.11+1-b1207.24, mixed mode, sharing, tiered, compressed oops, compressed class ptrs, g1 gc, windows-amd64)
# No core dump will be written. Minidumps are not enabled by default on client versions of Windows
#

---------------  S U M M A R Y ------------

Command Line: git4idea.http.GitAskPassApp Username for 'https://github.com': 

Host: Intel(R) Core(TM) i7-10870H CPU @ 2.20GHz, 16 cores, 15G,  Windows 11 , 64 bit Build 22621 (10.0.22621.3672)
Time: Thu Jun 27 19:22:35 2024 GTB Daylight Time elapsed time: 0.009699 seconds (0d 0h 0m 0s)

---------------  T H R E A D  ---------------

Current thread (0x000001f75cfefc30):  JavaThread "Unknown thread" [_thread_in_vm, id=17284, stack(0x000000e87fa00000,0x000000e87fb00000)]

Stack: [0x000000e87fa00000,0x000000e87fb00000]
Native frames: (J=compiled Java code, j=interpreted, Vv=VM code, C=native code)
V  [jvm.dll+0x6877f9]
V  [jvm.dll+0x8411aa]
V  [jvm.dll+0x842e2e]
V  [jvm.dll+0x843493]
V  [jvm.dll+0x249fdf]
V  [jvm.dll+0x6845c9]
V  [jvm.dll+0x678e7a]
V  [jvm.dll+0x30ab4b]
V  [jvm.dll+0x311ff6]
V  [jvm.dll+0x361a73]
V  [jvm.dll+0x361c8f]
V  [jvm.dll+0x2e0978]
V  [jvm.dll+0x2e18e4]
V  [jvm.dll+0x811c71]
V  [jvm.dll+0x36f7c8]
V  [jvm.dll+0x7f05f6]
V  [jvm.dll+0x3f398f]
V  [jvm.dll+0x3f5541]
C  [jli.dll+0x528f]
C  [ucrtbase.dll+0x29333]
C  [KERNEL32.DLL+0x1257d]
C  [ntdll.dll+0x5af28]


---------------  P R O C E S S  ---------------

Threads class SMR info:
_java_thread_list=0x00007ffeb449efd8, length=0, elements={
}

Java Threads: ( => current thread )

Other Threads:
  0x000001f75d05c0f0 GCTaskThread "GC Thread#0" [stack: 0x000000e87fb00000,0x000000e87fc00000] [id=15800]
  0x000001f75d06cd00 ConcurrentGCThread "G1 Main Marker" [stack: 0x000000e87fc00000,0x000000e87fd00000] [id=9332]
  0x000001f75d06dec0 ConcurrentGCThread "G1 Conc#0" [stack: 0x000000e87fd00000,0x000000e87fe00000] [id=8736]

[error occurred during error reporting (printing all threads), id 0xc0000005, EXCEPTION_ACCESS_VIOLATION (0xc0000005) at pc=0x00007ffeb3c51547]

VM state: not at safepoint (not fully initialized)

VM Mutex/Monitor currently owned by a thread:  ([mutex/lock_event])
[0x000001f75cfea2d0] Heap_lock - owner thread: 0x000001f75cfefc30

Heap address: 0x0000000703400000, size: 4044 MB, Compressed Oops mode: Zero based, Oop shift amount: 3

CDS archive(s) mapped at: [0x0000000000000000-0x0000000000000000-0x0000000000000000), size 0, SharedBaseAddress: 0x0000000800000000, ArchiveRelocationMode: 1.
Narrow klass base: 0x0000000000000000, Narrow klass shift: 0, Narrow klass range: 0x0

GC Precious Log:
<Empty>

Heap:
 garbage-first heap   total 0K, used 0K [0x0000000703400000, 0x0000000800000000)
  region size 2048K, 0 young (0K), 0 survivors (0K)
 Metaspace       used 0K, committed 0K, reserved 0K
  class space    used 0K, committed 0K, reserved 0K

Heap Regions: E=young(eden), S=young(survivor), O=old, HS=humongous(starts), HC=humongous(continues), CS=collection set, F=free, OA=open archive, CA=closed archive, TAMS=top-at-mark-start (previous, next)

Card table byte_map: [0x000001f7707f0000,0x000001f770fe0000] _byte_map_base: 0x000001f76cfd6000

Marking Bits (Prev, Next): (CMBitMap*) 0x000001f75d05c710, (CMBitMap*) 0x000001f75d05c750
 Prev Bits: [0x000001f7717d0000, 0x000001f775700000)
 Next Bits: [0x000001f775700000, 0x000001f779630000)

GC Heap History (0 events):
No events

Dll operation events (1 events):
Event: 0.005 Loaded shared library C:\Program Files\JetBrains\IntelliJ IDEA 2023.2.3\jbr\bin\java.dll

Deoptimization events (0 events):
No events

Classes unloaded (0 events):
No events

Classes redefined (0 events):
No events

Internal exceptions (0 events):
No events

VM Operations (0 events):
No events

Events (0 events):
No events


Dynamic libraries:
0x00007ff6fabb0000 - 0x00007ff6fabba000 	C:\Program Files\JetBrains\IntelliJ IDEA 2023.2.3\jbr\bin\java.exe
0x00007fff82610000 - 0x00007fff82827000 	C:\WINDOWS\SYSTEM32\ntdll.dll
0x00007fff81ca0000 - 0x00007fff81d64000 	C:\WINDOWS\System32\KERNEL32.DLL
0x00007fff7ffa0000 - 0x00007fff8034c000 	C:\WINDOWS\System32\KERNELBASE.dll
0x00007fff7fe80000 - 0x00007fff7ff91000 	C:\WINDOWS\System32\ucrtbase.dll
0x00007fff6aee0000 - 0x00007fff6aef7000 	C:\Program Files\JetBrains\IntelliJ IDEA 2023.2.3\jbr\bin\jli.dll
0x00007fff338b0000 - 0x00007fff338cb000 	C:\Program Files\JetBrains\IntelliJ IDEA 2023.2.3\jbr\bin\VCRUNTIME140.dll
0x00007fff82420000 - 0x00007fff825ce000 	C:\WINDOWS\System32\USER32.dll
0x00007fff65280000 - 0x00007fff65513000 	C:\WINDOWS\WinSxS\amd64_microsoft.windows.common-controls_6595b64144ccf1df_6.0.22621.3672_none_2713b9d173822955\COMCTL32.dll
0x00007fff7fdd0000 - 0x00007fff7fdf6000 	C:\WINDOWS\System32\win32u.dll
0x00007fff806c0000 - 0x00007fff80767000 	C:\WINDOWS\System32\msvcrt.dll
0x00007fff81660000 - 0x00007fff81689000 	C:\WINDOWS\System32\GDI32.dll
0x00007fff7fbf0000 - 0x00007fff7fd09000 	C:\WINDOWS\System32\gdi32full.dll
0x00007fff7fae0000 - 0x00007fff7fb7a000 	C:\WINDOWS\System32\msvcp_win.dll
0x00007fff81fd0000 - 0x00007fff82001000 	C:\WINDOWS\System32\IMM32.DLL
0x00007fff641f0000 - 0x00007fff641fc000 	C:\Program Files\JetBrains\IntelliJ IDEA 2023.2.3\jbr\bin\vcruntime140_1.dll
0x00007fff00b10000 - 0x00007fff00b9d000 	C:\Program Files\JetBrains\IntelliJ IDEA 2023.2.3\jbr\bin\msvcp140.dll
0x00007ffeb3960000 - 0x00007ffeb45e3000 	C:\Program Files\JetBrains\IntelliJ IDEA 2023.2.3\jbr\bin\server\jvm.dll
0x00007fff80c80000 - 0x00007fff80d32000 	C:\WINDOWS\System32\ADVAPI32.dll
0x00007fff81db0000 - 0x00007fff81e5a000 	C:\WINDOWS\System32\sechost.dll
0x00007fff7fab0000 - 0x00007fff7fad8000 	C:\WINDOWS\System32\bcrypt.dll
0x00007fff817f0000 - 0x00007fff81905000 	C:\WINDOWS\System32\RPCRT4.dll
0x00007fff7e790000 - 0x00007fff7e7dd000 	C:\WINDOWS\SYSTEM32\POWRPROF.dll
0x00007fff5b7e0000 - 0x00007fff5b7e9000 	C:\WINDOWS\SYSTEM32\WSOCK32.dll
0x00007fff6b7a0000 - 0x00007fff6b7d4000 	C:\WINDOWS\SYSTEM32\WINMM.dll
0x00007fff81770000 - 0x00007fff817e1000 	C:\WINDOWS\System32\WS2_32.dll
0x00007fff77080000 - 0x00007fff7708a000 	C:\WINDOWS\SYSTEM32\VERSION.dll
0x00007fff7e770000 - 0x00007fff7e783000 	C:\WINDOWS\SYSTEM32\UMPDC.dll
0x00007fff7ea20000 - 0x00007fff7ea38000 	C:\WINDOWS\SYSTEM32\kernel.appcore.dll
0x00007fff7c730000 - 0x00007fff7c73a000 	C:\Program Files\JetBrains\IntelliJ IDEA 2023.2.3\jbr\bin\jimage.dll
0x00007fff7cd70000 - 0x00007fff7cfa2000 	C:\WINDOWS\SYSTEM32\DBGHELP.DLL
0x00007fff81910000 - 0x00007fff81c98000 	C:\WINDOWS\System32\combase.dll
0x00007fff821d0000 - 0x00007fff822a7000 	C:\WINDOWS\System32\OLEAUT32.dll
0x00007fff72c40000 - 0x00007fff72c72000 	C:\WINDOWS\SYSTEM32\dbgcore.DLL
0x00007fff7fe00000 - 0x00007fff7fe7b000 	C:\WINDOWS\System32\bcryptPrimitives.dll
0x00007fff77780000 - 0x00007fff777a5000 	C:\Program Files\JetBrains\IntelliJ IDEA 2023.2.3\jbr\bin\java.dll

dbghelp: loaded successfully - version: 4.0.5 - missing functions: none
symbol engine: initialized successfully - sym options: 0x614 - pdb path: .;C:\Program Files\JetBrains\IntelliJ IDEA 2023.2.3\jbr\bin;C:\WINDOWS\SYSTEM32;C:\WINDOWS\WinSxS\amd64_microsoft.windows.common-controls_6595b64144ccf1df_6.0.22621.3672_none_2713b9d173822955;C:\Program Files\JetBrains\IntelliJ IDEA 2023.2.3\jbr\bin\server

VM Arguments:
java_command: git4idea.http.GitAskPassApp Username for 'https://github.com': 
java_class_path (initial): C:/Program Files/JetBrains/IntelliJ IDEA 2023.2.3/plugins/vcs-git/lib/git4idea-rt.jar;C:/Program Files/JetBrains/IntelliJ IDEA 2023.2.3/lib/externalProcess-rt.jar
Launcher Type: SUN_STANDARD

[Global flags]
     intx CICompilerCount                          = 12                                        {product} {ergonomic}
     uint ConcGCThreads                            = 3                                         {product} {ergonomic}
     uint G1ConcRefinementThreads                  = 13                                        {product} {ergonomic}
   size_t G1HeapRegionSize                         = 2097152                                   {product} {ergonomic}
    uintx GCDrainStackTargetSize                   = 64                                        {product} {ergonomic}
   size_t InitialHeapSize                          = 266338304                                 {product} {ergonomic}
   size_t MarkStackSize                            = 4194304                                   {product} {ergonomic}
   size_t MaxHeapSize                              = 4240441344                                {product} {ergonomic}
   size_t MinHeapDeltaBytes                        = 2097152                                   {product} {ergonomic}
   size_t MinHeapSize                              = 8388608                                   {product} {ergonomic}
    uintx NonNMethodCodeHeapSize                   = 7602480                                {pd product} {ergonomic}
    uintx NonProfiledCodeHeapSize                  = 122027880                              {pd product} {ergonomic}
    uintx ProfiledCodeHeapSize                     = 122027880                              {pd product} {ergonomic}
    uintx ReservedCodeCacheSize                    = 251658240                              {pd product} {ergonomic}
     bool SegmentedCodeCache                       = true                                      {product} {ergonomic}
   size_t SoftMaxHeapSize                          = 4240441344                             {manageable} {ergonomic}
     bool UseCompressedClassPointers               = true                           {product lp64_product} {ergonomic}
     bool UseCompressedOops                        = true                           {product lp64_product} {ergonomic}
     bool UseG1GC                                  = true                                      {product} {ergonomic}
     bool UseLargePagesIndividualAllocation        = false                                  {pd product} {ergonomic}

Logging:
Log output configuration:
 #0: stdout all=warning uptime,level,tags
 #1: stderr all=off uptime,level,tags

Environment Variables:
JAVA_HOME=C:\Program Files\Java\jdk-17.0.1
PATH=C:\Program Files\Git\mingw64\libexec\git-core;C:\Program Files\Git\mingw64\libexec\git-core;C:\Program Files\Git\mingw64\bin;C:\Program Files\Git\usr\bin;C:\Users\Vlad\bin;D:\BazaOracle\dbhomeXE\bin;C:\Program Files\Common Files\Oracle\Java\javapath;C:\oraclexe\app\oracle\product\11.2.0\server\bin;C:\Program Files (x86)\Razer Chroma SDK\bin;C:\Program Files\Razer Chroma SDK\bin;C:\Program Files (x86)\Razer\ChromaBroadcast\bin;C:\Program Files\Razer\ChromaBroadcast\bin;C:\Windows\system32;C:\Windows;C:\Windows\System32\Wbem;C:\Windows\System32\WindowsPowerShell\v1.0;C:\Windows\System32\OpenSSH;C:\Program Files (x86)\NVIDIA Corporation\PhysX\Common;C:\Program Files\NVIDIA Corporation\NVIDIA NvDLISR;C:\Windows\system32\config\systemprofile\AppData\Local\Microsoft\WindowsApps;C:\Program Files\dotnet;C:\ProgramData\chocolatey\bin;C:\WINDOWS\system32;C:\WINDOWS;C:\WINDOWS\System32\Wbem;C:\WINDOWS\System32\WindowsPowerShell\v1.0;C:\WINDOWS\System32\OpenSSH;D:\Android\SDK\platform-tools;C:\Users\Vlad\AppData\Local\Programs\Python\Python311\Scripts;D:\NodeJS;C:\Program Files\MySQL\MySQL Server 8.0\bin;C:\Program Files\Docker\Docker\resources\bin;C:\Program Files (x86)\Hadoop\bin;C:\Program Files\Git\cmd;C:\Program Files\MySQL\MySQL Shell 8.0\bin;D:\Android\SDK\tools;C:\Users\Vlad\AppData\Local\Programs\Python\Python311\Scripts;C:\Users\Vlad\AppData\Local\Programs\Python\Python311;C:\Users\Vlad\AppData\Local\Programs\Python\Python39\Scripts;C:\Users\Vlad\AppData\Local\Programs\Python\Python39;C:\Users\Vlad\AppData\Local\Microsoft\WindowsApps;C:\Program Files\JetBrains\PyCharm Community Edition 2020.2.3\bin;C:\Users\Vlad\AppData\Local\Programs\Microsoft VS Code\bin;C:\ghcup\bin;C:\Users\Vlad\.dotnet\tools;C:\Program Files\Azure Data Studio\bin;C:\msys64\mingw64\bin;D:\Facultate\An_2_Sem_2\PAO\Maven\bin;C:\Users\Vlad\.dotnet\tools;C:\Users\Vlad\AppData\Local\Microsoft\WindowsApps;C:\Program Files\JetBrains\IntelliJ IDEA 2023.2.3\bin;C:\Users\Vlad\AppData\Roaming\npm
USERNAME=Vlad
DISPLAY=:0.0
LC_ALL=en_US.UTF-8
TERM=xterm-256color
TMPDIR=C:\Users\Vlad\AppData\Local\Temp
OS=Windows_NT
PROCESSOR_IDENTIFIER=Intel64 Family 6 Model 165 Stepping 2, GenuineIntel
TMP=C:\Users\Vlad\AppData\Local\Temp
TEMP=C:\Users\Vlad\AppData\Local\Temp



Periodic native trim disabled

JNI global refs:
JNI global refs: 0, weak refs: 0

JNI global refs memory usage: 0, weak refs: 0

Process memory usage:
Resident Set Size: 11900K (0% of 16556336K total physical memory with 1248328K free physical memory)

OOME stack traces (most recent first):
Classloader memory used:


---------------  S Y S T E M  ---------------

OS:
 Windows 11 , 64 bit Build 22621 (10.0.22621.3672)
OS uptime: 5 days 3:35 hours
Hyper-V role detected

CPU: total 16 (initial active 16) (8 cores per cpu, 2 threads per core) family 6 model 165 stepping 2 microcode 0xe0, cx8, cmov, fxsr, ht, mmx, 3dnowpref, sse, sse2, sse3, ssse3, sse4.1, sse4.2, popcnt, lzcnt, tsc, tscinvbit, avx, avx2, aes, erms, clmul, bmi1, bmi2, adx, fma, vzeroupper, clflush, clflushopt, hv
Processor Information for all 16 processors :
  Max Mhz: 2208, Current Mhz: 2208, Mhz Limit: 2208

Memory: 4k page, system-wide physical 16168M (1219M free)
TotalPageFile size 46542M (AvailPageFile size 9M)
current process WorkingSet (physical memory assigned to process): 11M, peak: 11M
current process commit charge ("private bytes"): 325M, peak: 329M

vm_info: OpenJDK 64-Bit Server VM (17.0.11+1-b1207.24) for windows-amd64 JRE (17.0.11+1-b1207.24), built on 2024-05-15 by "builduser" with MS VC++ 16.10 / 16.11 (VS2019)

END.
